2025-10-07 16:33:04,769 ERROR: Exception on /portfolio [GET] [in /home/hagen/Projects/homepage/venv/lib/python3.12/site-packages/flask/app.py:875]
Traceback (most recent call last):
  File "/home/hagen/Projects/homepage/venv/lib/python3.12/site-packages/flask/app.py", line 1511, in wsgi_app
    response = self.full_dispatch_request()
               ^^^^^^^^^^^^^^^^^^^^^^^^^^^^
  File "/home/hagen/Projects/homepage/venv/lib/python3.12/site-packages/flask/app.py", line 919, in full_dispatch_request
    rv = self.handle_user_exception(e)
         ^^^^^^^^^^^^^^^^^^^^^^^^^^^^^
  File "/home/hagen/Projects/homepage/venv/lib/python3.12/site-packages/flask/app.py", line 917, in full_dispatch_request
    rv = self.dispatch_request()
         ^^^^^^^^^^^^^^^^^^^^^^^
  File "/home/hagen/Projects/homepage/venv/lib/python3.12/site-packages/flask/app.py", line 902, in dispatch_request
    return self.ensure_sync(self.view_functions[rule.endpoint])(**view_args)  # type: ignore[no-any-return]
           ^^^^^^^^^^^^^^^^^^^^^^^^^^^^^^^^^^^^^^^^^^^^^^^^^^^^^^^^^^^^^^^^^
  File "/home/hagen/Projects/homepage/app/main/routes.py", line 39, in portfolio
    return render_template('portfolio.html',projects=projects, title='Portfolio')
           ^^^^^^^^^^^^^^^^^^^^^^^^^^^^^^^^^^^^^^^^^^^^^^^^^^^^^^^^^^^^^^^^^^^^^^
  File "/home/hagen/Projects/homepage/venv/lib/python3.12/site-packages/flask/templating.py", line 150, in render_template
    return _render(app, template, context)
           ^^^^^^^^^^^^^^^^^^^^^^^^^^^^^^^
  File "/home/hagen/Projects/homepage/venv/lib/python3.12/site-packages/flask/templating.py", line 131, in _render
    rv = template.render(context)
         ^^^^^^^^^^^^^^^^^^^^^^^^
  File "/home/hagen/Projects/homepage/venv/lib/python3.12/site-packages/jinja2/environment.py", line 1295, in render
    self.environment.handle_exception()
  File "/home/hagen/Projects/homepage/venv/lib/python3.12/site-packages/jinja2/environment.py", line 942, in handle_exception
    raise rewrite_traceback_stack(source=source)
  File "/home/hagen/Projects/homepage/app/templates/portfolio.html", line 1, in top-level template code
    {% extends "base.html" %}
  File "/home/hagen/Projects/homepage/app/templates/base.html", line 9, in top-level template code
    {% block social_meta %}
  File "/home/hagen/Projects/homepage/app/templates/base.html", line 11, in block 'social_meta'
    <meta property="og:url" content="{{ url_for('index', _external=True) }}" />
    ^^^^^^^^^^^^^^^^^^^^^^^^^
  File "/home/hagen/Projects/homepage/venv/lib/python3.12/site-packages/flask/app.py", line 1121, in url_for
    return self.handle_url_build_error(error, endpoint, values)
           ^^^^^^^^^^^^^^^^^^^^^^^^^^^^^^^^^^^^^^^^^^^^^^^^^^^^
  File "/home/hagen/Projects/homepage/venv/lib/python3.12/site-packages/flask/app.py", line 1110, in url_for
    rv = url_adapter.build(  # type: ignore[union-attr]
         ^^^^^^^^^^^^^^^^^^^^^^^^^^^^^^^^^^^^^^^^^^^^^^
  File "/home/hagen/Projects/homepage/venv/lib/python3.12/site-packages/werkzeug/routing/map.py", line 924, in build
    raise BuildError(endpoint, values, method, self)
werkzeug.routing.exceptions.BuildError: Could not build url for endpoint 'index'. Did you mean 'main.index' instead?
2025-10-07 16:33:18,328 INFO: app startup [in /home/hagen/Projects/homepage/app/__init__.py:40]
2025-10-07 16:33:36,896 INFO: app startup [in /home/hagen/Projects/homepage/app/__init__.py:40]
2025-10-07 16:34:09,615 INFO: app startup [in /home/hagen/Projects/homepage/app/__init__.py:40]
2025-10-07 16:34:15,500 INFO: app startup [in /home/hagen/Projects/homepage/app/__init__.py:40]
2025-10-07 16:34:21,311 INFO: app startup [in /home/hagen/Projects/homepage/app/__init__.py:40]
2025-10-07 16:43:19,689 INFO: app startup [in /home/hagen/Projects/homepage/app/__init__.py:40]
2025-10-07 16:43:22,312 INFO: app startup [in /home/hagen/Projects/homepage/app/__init__.py:40]
2025-10-07 17:03:07,364 INFO: app startup [in /home/hagen/Projects/homepage/app/__init__.py:40]
2025-10-07 17:04:12,839 INFO: app startup [in /home/hagen/Projects/homepage/app/__init__.py:40]
2025-10-07 17:04:18,518 INFO: app startup [in /home/hagen/Projects/homepage/app/__init__.py:40]
2025-10-07 17:04:49,398 INFO: app startup [in /home/hagen/Projects/homepage/app/__init__.py:40]
2025-10-07 17:05:39,748 INFO: app startup [in /home/hagen/Projects/homepage/app/__init__.py:40]
2025-10-07 17:05:59,249 INFO: app startup [in /home/hagen/Projects/homepage/app/__init__.py:40]
